<?xml version="1.0" encoding="UTF-8"?>
<!-- Generated by org.testng.reporters.JUnitXMLReporter -->
<testsuite hostname="Dell" ignored="1" name="Default test" tests="2" failures="0" timestamp="19 Aug 2018 06:36:19 GMT" time="10.22" errors="0">
  <testcase name="createIssue" time="6.48" classname="authentication.CreateIssues"/>
  <testcase name="patchIssues" time="1.858" classname="authentication.PatchIssues"/>
  <testcase name="@BeforeTest authentication" time="0.0" classname="authentication.Authentication">
    <ignored/>
  </testcase> <!-- @BeforeTest authentication -->
</testsuite> <!-- Default test -->
